<?xml version="1.0" encoding="UTF-8"?>
<testng-results ignored="0" total="1" passed="1" failed="0" skipped="0">
  <reporter-output>
  </reporter-output>
  <suite started-at="2022-12-10T07:29:08Z" name="Default suite" finished-at="2022-12-10T07:29:10Z" duration-ms="1891">
    <groups>
    </groups>
    <test started-at="2022-12-10T07:29:08Z" name="Default test" finished-at="2022-12-10T07:29:10Z" duration-ms="1891">
      <class name="restAPI.DeleteRequest">
        <test-method signature="test1()[pri:0, instance:restAPI.DeleteRequest@5d0bf09b]" started-at="2022-12-10T07:29:08Z" name="test1" finished-at="2022-12-10T07:29:10Z" duration-ms="1858" status="PASS">
          <reporter-output>
          </reporter-output>
        </test-method> <!-- test1 -->
      </class> <!-- restAPI.DeleteRequest -->
    </test> <!-- Default test -->
  </suite> <!-- Default suite -->
</testng-results>
